# JRE version: OpenJDK Runtime Environment (8.0_242-b08) (build 1.8.0_242-b08)
# Java VM: OpenJDK 64-Bit Server VM (25.242-b08 mixed mode windows-amd64 compressed oops)
Heap:
 PSYoungGen      total 479744K, used 57371K [0x00000000d5580000, 0x00000000f9480000, 0x0000000100000000)
  eden space 378880K, 0% used [0x00000000d5580000,0x00000000d5580000,0x00000000ec780000)
  from space 100864K, 56% used [0x00000000f3200000,0x00000000f6a06f50,0x00000000f9480000)
  to   space 104960K, 0% used [0x00000000ec780000,0x00000000ec780000,0x00000000f2e00000)
 ParOldGen       total 567296K, used 550409K [0x0000000080000000, 0x00000000a2a00000, 0x00000000d5580000)
  object space 567296K, 97% used [0x0000000080000000,0x00000000a1982648,0x00000000a2a00000)
 Metaspace       used 36944K, capacity 38880K, committed 39424K, reserved 1083392K
  class space    used 3818K, capacity 4454K, committed 4608K, reserved 1048576K
GC Heap History (10 events):
Event: 14530.306 GC heap after
Heap after GC invocations=124 (full 4):
 PSYoungGen      total 410624K, used 84124K [0x00000000d5580000, 0x00000000f5680000, 0x0000000100000000)
  eden space 303104K, 0% used [0x00000000d5580000,0x00000000d5580000,0x00000000e7d80000)
  from space 107520K, 78% used [0x00000000eed80000,0x00000000f3fa7270,0x00000000f5680000)
  to   space 111104K, 0% used [0x00000000e7d80000,0x00000000e7d80000,0x00000000eea00000)
 ParOldGen       total 567296K, used 505295K [0x0000000080000000, 0x00000000a2a00000, 0x00000000d5580000)
  object space 567296K, 89% used [0x0000000080000000,0x000000009ed73ff8,0x00000000a2a00000)
 Metaspace       used 36828K, capacity 38686K, committed 39424K, reserved 1083392K
  class space    used 3810K, capacity 4428K, committed 4608K, reserved 1048576K
}
Event: 14579.124 GC heap before
{Heap before GC invocations=125 (full 4):
 PSYoungGen      total 410624K, used 387228K [0x00000000d5580000, 0x00000000f5680000, 0x0000000100000000)
  eden space 303104K, 100% used [0x00000000d5580000,0x00000000e7d80000,0x00000000e7d80000)
  from space 107520K, 78% used [0x00000000eed80000,0x00000000f3fa7270,0x00000000f5680000)
  to   space 111104K, 0% used [0x00000000e7d80000,0x00000000e7d80000,0x00000000eea00000)
 ParOldGen       total 567296K, used 505295K [0x0000000080000000, 0x00000000a2a00000, 0x00000000d5580000)
  object space 567296K, 89% used [0x0000000080000000,0x000000009ed73ff8,0x00000000a2a00000)
 Metaspace       used 36849K, capacity 38706K, committed 39424K, reserved 1083392K
  class space    used 3811K, capacity 4432K, committed 4608K, reserved 1048576K
Event: 14579.201 GC heap after
Heap after GC invocations=125 (full 4):
 PSYoungGen      total 414208K, used 78737K [0x00000000d5580000, 0x00000000f7880000, 0x0000000100000000)
  eden space 303104K, 0% used [0x00000000d5580000,0x00000000d5580000,0x00000000e7d80000)
  from space 111104K, 70% used [0x00000000e7d80000,0x00000000eca64400,0x00000000eea00000)
  to   space 108032K, 0% used [0x00000000f0f00000,0x00000000f0f00000,0x00000000f7880000)
 ParOldGen       total 567296K, used 515510K [0x0000000080000000, 0x00000000a2a00000, 0x00000000d5580000)
  object space 567296K, 90% used [0x0000000080000000,0x000000009f76daf8,0x00000000a2a00000)
 Metaspace       used 36849K, capacity 38706K, committed 39424K, reserved 1083392K
  class space    used 3811K, capacity 4432K, committed 4608K, reserved 1048576K
}
Event: 14649.809 GC heap before
{Heap before GC invocations=126 (full 4):
 PSYoungGen      total 414208K, used 381841K [0x00000000d5580000, 0x00000000f7880000, 0x0000000100000000)
  eden space 303104K, 100% used [0x00000000d5580000,0x00000000e7d80000,0x00000000e7d80000)
  from space 111104K, 70% used [0x00000000e7d80000,0x00000000eca64400,0x00000000eea00000)
  to   space 108032K, 0% used [0x00000000f0f00000,0x00000000f0f00000,0x00000000f7880000)
 ParOldGen       total 567296K, used 515510K [0x0000000080000000, 0x00000000a2a00000, 0x00000000d5580000)
  object space 567296K, 90% used [0x0000000080000000,0x000000009f76daf8,0x00000000a2a00000)
 Metaspace       used 36883K, capacity 38800K, committed 39424K, reserved 1083392K
  class space    used 3814K, capacity 4438K, committed 4608K, reserved 1048576K
Event: 14649.891 GC heap after
Heap after GC invocations=126 (full 4):
 PSYoungGen      total 440832K, used 71942K [0x00000000d5580000, 0x00000000f7100000, 0x0000000100000000)
  eden space 340480K, 0% used [0x00000000d5580000,0x00000000d5580000,0x00000000ea200000)
  from space 100352K, 71% used [0x00000000f0f00000,0x00000000f5541af0,0x00000000f7100000)
  to   space 105984K, 0% used [0x00000000ea200000,0x00000000ea200000,0x00000000f0980000)
 ParOldGen       total 567296K, used 528158K [0x0000000080000000, 0x00000000a2a00000, 0x00000000d5580000)
  object space 567296K, 93% used [0x0000000080000000,0x00000000a03c7850,0x00000000a2a00000)
 Metaspace       used 36883K, capacity 38800K, committed 39424K, reserved 1083392K
  class space    used 3814K, capacity 4438K, committed 4608K, reserved 1048576K
}
Event: 14659.409 GC heap before
{Heap before GC invocations=127 (full 4):
 PSYoungGen      total 440832K, used 412422K [0x00000000d5580000, 0x00000000f7100000, 0x0000000100000000)
  eden space 340480K, 100% used [0x00000000d5580000,0x00000000ea200000,0x00000000ea200000)
  from space 100352K, 71% used [0x00000000f0f00000,0x00000000f5541af0,0x00000000f7100000)
  to   space 105984K, 0% used [0x00000000ea200000,0x00000000ea200000,0x00000000f0980000)
 ParOldGen       total 567296K, used 528158K [0x0000000080000000, 0x00000000a2a00000, 0x00000000d5580000)
  object space 567296K, 93% used [0x0000000080000000,0x00000000a03c7850,0x00000000a2a00000)
 Metaspace       used 36914K, capacity 38840K, committed 39424K, reserved 1083392K
  class space    used 3816K, capacity 4446K, committed 4608K, reserved 1048576K
Event: 14659.508 GC heap after
Heap after GC invocations=127 (full 4):
 PSYoungGen      total 446464K, used 68652K [0x00000000d5580000, 0x00000000f9800000, 0x0000000100000000)
  eden space 340480K, 0% used [0x00000000d5580000,0x00000000d5580000,0x00000000ea200000)
  from space 105984K, 64% used [0x00000000ea200000,0x00000000ee50b258,0x00000000f0980000)
  to   space 104448K, 0% used [0x00000000f3200000,0x00000000f3200000,0x00000000f9800000)
 ParOldGen       total 567296K, used 540244K [0x0000000080000000, 0x00000000a2a00000, 0x00000000d5580000)
  object space 567296K, 95% used [0x0000000080000000,0x00000000a0f951c0,0x00000000a2a00000)
 Metaspace       used 36914K, capacity 38840K, committed 39424K, reserved 1083392K
  class space    used 3816K, capacity 4446K, committed 4608K, reserved 1048576K
}
Event: 14805.471 GC heap before
{Heap before GC invocations=128 (full 4):
 PSYoungGen      total 446464K, used 409132K [0x00000000d5580000, 0x00000000f9800000, 0x0000000100000000)
  eden space 340480K, 100% used [0x00000000d5580000,0x00000000ea200000,0x00000000ea200000)
  from space 105984K, 64% used [0x00000000ea200000,0x00000000ee50b258,0x00000000f0980000)
  to   space 104448K, 0% used [0x00000000f3200000,0x00000000f3200000,0x00000000f9800000)
 ParOldGen       total 567296K, used 540244K [0x0000000080000000, 0x00000000a2a00000, 0x00000000d5580000)
  object space 567296K, 95% used [0x0000000080000000,0x00000000a0f951c0,0x00000000a2a00000)
 Metaspace       used 36944K, capacity 38880K, committed 39424K, reserved 1083392K
  class space    used 3818K, capacity 4454K, committed 4608K, reserved 1048576K
Event: 14805.549 GC heap after
Heap after GC invocations=128 (full 4):
 PSYoungGen      total 479744K, used 57371K [0x00000000d5580000, 0x00000000f9480000, 0x0000000100000000)
  eden space 378880K, 0% used [0x00000000d5580000,0x00000000d5580000,0x00000000ec780000)
  from space 100864K, 56% used [0x00000000f3200000,0x00000000f6a06f50,0x00000000f9480000)
  to   space 104960K, 0% used [0x00000000ec780000,0x00000000ec780000,0x00000000f2e00000)
 ParOldGen       total 567296K, used 550409K [0x0000000080000000, 0x00000000a2a00000, 0x00000000d5580000)
  object space 567296K, 97% used [0x0000000080000000,0x00000000a1982648,0x00000000a2a00000)
 Metaspace       used 36944K, capacity 38880K, committed 39424K, reserved 1083392K
  class space    used 3818K, capacity 4454K, committed 4608K, reserved 1048576K
}
Event: 14805.549 GC heap before
{Heap before GC invocations=129 (full 5):
 PSYoungGen      total 479744K, used 57371K [0x00000000d5580000, 0x00000000f9480000, 0x0000000100000000)
  eden space 378880K, 0% used [0x00000000d5580000,0x00000000d5580000,0x00000000ec780000)
  from space 100864K, 56% used [0x00000000f3200000,0x00000000f6a06f50,0x00000000f9480000)
  to   space 104960K, 0% used [0x00000000ec780000,0x00000000ec780000,0x00000000f2e00000)
 ParOldGen       total 567296K, used 550409K [0x0000000080000000, 0x00000000a2a00000, 0x00000000d5580000)
  object space 567296K, 97% used [0x0000000080000000,0x00000000a1982648,0x00000000a2a00000)
 Metaspace       used 36944K, capacity 38880K, committed 39424K, reserved 1083392K
  class space    used 3818K, capacity 4454K, committed 4608K, reserved 1048576K

