# JRE version: OpenJDK Runtime Environment (8.0_242-b08) (build 1.8.0_242-b08)
# Java VM: OpenJDK 64-Bit Server VM (25.242-b08 mixed mode windows-amd64 compressed oops)
Heap:
 PSYoungGen      total 256000K, used 16573K [0x00000000d5580000, 0x00000000e9b80000, 0x0000000100000000)
  eden space 239104K, 0% used [0x00000000d5580000,0x00000000d5580000,0x00000000e3f00000)
  from space 16896K, 98% used [0x00000000e5480000,0x00000000e64af490,0x00000000e6500000)
  to   space 40960K, 0% used [0x00000000e7380000,0x00000000e7380000,0x00000000e9b80000)
 ParOldGen       total 485376K, used 476979K [0x0000000080000000, 0x000000009da00000, 0x00000000d5580000)
  object space 485376K, 98% used [0x0000000080000000,0x000000009d1ccc30,0x000000009da00000)
 Metaspace       used 36602K, capacity 38422K, committed 38912K, reserved 1083392K
  class space    used 3810K, capacity 4421K, committed 4608K, reserved 1048576K
GC Heap History (10 events):
Event: 19571.169 GC heap after
Heap after GC invocations=101 (full 4):
 PSYoungGen      total 275456K, used 13180K [0x00000000d5580000, 0x00000000eb880000, 0x0000000100000000)
  eden space 262144K, 0% used [0x00000000d5580000,0x00000000d5580000,0x00000000e5580000)
  from space 13312K, 99% used [0x00000000e5d80000,0x00000000e6a5f1d0,0x00000000e6a80000)
  to   space 50688K, 0% used [0x00000000e8700000,0x00000000e8700000,0x00000000eb880000)
 ParOldGen       total 485376K, used 455996K [0x0000000080000000, 0x000000009da00000, 0x00000000d5580000)
  object space 485376K, 93% used [0x0000000080000000,0x000000009bd4f0f0,0x000000009da00000)
 Metaspace       used 36529K, capacity 38332K, committed 38912K, reserved 1083392K
  class space    used 3805K, capacity 4403K, committed 4608K, reserved 1048576K
}
Event: 19778.473 GC heap before
{Heap before GC invocations=102 (full 4):
 PSYoungGen      total 275456K, used 275324K [0x00000000d5580000, 0x00000000eb880000, 0x0000000100000000)
  eden space 262144K, 100% used [0x00000000d5580000,0x00000000e5580000,0x00000000e5580000)
  from space 13312K, 99% used [0x00000000e5d80000,0x00000000e6a5f1d0,0x00000000e6a80000)
  to   space 50688K, 0% used [0x00000000e8700000,0x00000000e8700000,0x00000000eb880000)
 ParOldGen       total 485376K, used 455996K [0x0000000080000000, 0x000000009da00000, 0x00000000d5580000)
  object space 485376K, 93% used [0x0000000080000000,0x000000009bd4f0f0,0x000000009da00000)
 Metaspace       used 36553K, capacity 38362K, committed 38912K, reserved 1083392K
  class space    used 3806K, capacity 4409K, committed 4608K, reserved 1048576K
Event: 19778.506 GC heap after
Heap after GC invocations=102 (full 4):
 PSYoungGen      total 292352K, used 10481K [0x00000000d5580000, 0x00000000eac80000, 0x0000000100000000)
  eden space 253952K, 0% used [0x00000000d5580000,0x00000000d5580000,0x00000000e4d80000)
  from space 38400K, 27% used [0x00000000e8700000,0x00000000e913c470,0x00000000eac80000)
  to   space 48640K, 0% used [0x00000000e4d80000,0x00000000e4d80000,0x00000000e7d00000)
 ParOldGen       total 485376K, used 462823K [0x0000000080000000, 0x000000009da00000, 0x00000000d5580000)
  object space 485376K, 95% used [0x0000000080000000,0x000000009c3f9eb0,0x000000009da00000)
 Metaspace       used 36553K, capacity 38362K, committed 38912K, reserved 1083392K
  class space    used 3806K, capacity 4409K, committed 4608K, reserved 1048576K
}
Event: 19779.937 GC heap before
{Heap before GC invocations=103 (full 4):
 PSYoungGen      total 292352K, used 264433K [0x00000000d5580000, 0x00000000eac80000, 0x0000000100000000)
  eden space 253952K, 100% used [0x00000000d5580000,0x00000000e4d80000,0x00000000e4d80000)
  from space 38400K, 27% used [0x00000000e8700000,0x00000000e913c470,0x00000000eac80000)
  to   space 48640K, 0% used [0x00000000e4d80000,0x00000000e4d80000,0x00000000e7d00000)
 ParOldGen       total 485376K, used 462823K [0x0000000080000000, 0x000000009da00000, 0x00000000d5580000)
  object space 485376K, 95% used [0x0000000080000000,0x000000009c3f9eb0,0x000000009da00000)
 Metaspace       used 36562K, capacity 38372K, committed 38912K, reserved 1083392K
  class space    used 3807K, capacity 4411K, committed 4608K, reserved 1048576K
Event: 19779.960 GC heap after
Heap after GC invocations=103 (full 4):
 PSYoungGen      total 302592K, used 12654K [0x00000000d5580000, 0x00000000ec800000, 0x0000000100000000)
  eden space 253952K, 0% used [0x00000000d5580000,0x00000000d5580000,0x00000000e4d80000)
  from space 48640K, 26% used [0x00000000e4d80000,0x00000000e59dba40,0x00000000e7d00000)
  to   space 46080K, 0% used [0x00000000e9b00000,0x00000000e9b00000,0x00000000ec800000)
 ParOldGen       total 485376K, used 468554K [0x0000000080000000, 0x000000009da00000, 0x00000000d5580000)
  object space 485376K, 96% used [0x0000000080000000,0x000000009c992b08,0x000000009da00000)
 Metaspace       used 36562K, capacity 38372K, committed 38912K, reserved 1083392K
  class space    used 3807K, capacity 4411K, committed 4608K, reserved 1048576K
}
Event: 19819.220 GC heap before
{Heap before GC invocations=104 (full 4):
 PSYoungGen      total 302592K, used 266606K [0x00000000d5580000, 0x00000000ec800000, 0x0000000100000000)
  eden space 253952K, 100% used [0x00000000d5580000,0x00000000e4d80000,0x00000000e4d80000)
  from space 48640K, 26% used [0x00000000e4d80000,0x00000000e59dba40,0x00000000e7d00000)
  to   space 46080K, 0% used [0x00000000e9b00000,0x00000000e9b00000,0x00000000ec800000)
 ParOldGen       total 485376K, used 468554K [0x0000000080000000, 0x000000009da00000, 0x00000000d5580000)
  object space 485376K, 96% used [0x0000000080000000,0x000000009c992b08,0x000000009da00000)
 Metaspace       used 36579K, capacity 38392K, committed 38912K, reserved 1083392K
  class space    used 3808K, capacity 4415K, committed 4608K, reserved 1048576K
Event: 19819.243 GC heap after
Heap after GC invocations=104 (full 4):
 PSYoungGen      total 261120K, used 14701K [0x00000000d5580000, 0x00000000ea980000, 0x0000000100000000)
  eden space 246272K, 0% used [0x00000000d5580000,0x00000000d5580000,0x00000000e4600000)
  from space 14848K, 99% used [0x00000000e9b00000,0x00000000ea95b470,0x00000000ea980000)
  to   space 43520K, 0% used [0x00000000e5480000,0x00000000e5480000,0x00000000e7f00000)
 ParOldGen       total 485376K, used 471822K [0x0000000080000000, 0x000000009da00000, 0x00000000d5580000)
  object space 485376K, 97% used [0x0000000080000000,0x000000009ccc3800,0x000000009da00000)
 Metaspace       used 36579K, capacity 38392K, committed 38912K, reserved 1083392K
  class space    used 3808K, capacity 4415K, committed 4608K, reserved 1048576K
}
Event: 19823.483 GC heap before
{Heap before GC invocations=105 (full 4):
 PSYoungGen      total 261120K, used 260973K [0x00000000d5580000, 0x00000000ea980000, 0x0000000100000000)
  eden space 246272K, 100% used [0x00000000d5580000,0x00000000e4600000,0x00000000e4600000)
  from space 14848K, 99% used [0x00000000e9b00000,0x00000000ea95b470,0x00000000ea980000)
  to   space 43520K, 0% used [0x00000000e5480000,0x00000000e5480000,0x00000000e7f00000)
 ParOldGen       total 485376K, used 471822K [0x0000000080000000, 0x000000009da00000, 0x00000000d5580000)
  object space 485376K, 97% used [0x0000000080000000,0x000000009ccc3800,0x000000009da00000)
 Metaspace       used 36602K, capacity 38422K, committed 38912K, reserved 1083392K
  class space    used 3810K, capacity 4421K, committed 4608K, reserved 1048576K
Event: 19823.517 GC heap after
Heap after GC invocations=105 (full 4):
 PSYoungGen      total 256000K, used 16573K [0x00000000d5580000, 0x00000000e9b80000, 0x0000000100000000)
  eden space 239104K, 0% used [0x00000000d5580000,0x00000000d5580000,0x00000000e3f00000)
  from space 16896K, 98% used [0x00000000e5480000,0x00000000e64af490,0x00000000e6500000)
  to   space 40960K, 0% used [0x00000000e7380000,0x00000000e7380000,0x00000000e9b80000)
 ParOldGen       total 485376K, used 476979K [0x0000000080000000, 0x000000009da00000, 0x00000000d5580000)
  object space 485376K, 98% used [0x0000000080000000,0x000000009d1ccc30,0x000000009da00000)
 Metaspace       used 36602K, capacity 38422K, committed 38912K, reserved 1083392K
  class space    used 3810K, capacity 4421K, committed 4608K, reserved 1048576K
}
Event: 19823.517 GC heap before
{Heap before GC invocations=106 (full 5):
 PSYoungGen      total 256000K, used 16573K [0x00000000d5580000, 0x00000000e9b80000, 0x0000000100000000)
  eden space 239104K, 0% used [0x00000000d5580000,0x00000000d5580000,0x00000000e3f00000)
  from space 16896K, 98% used [0x00000000e5480000,0x00000000e64af490,0x00000000e6500000)
  to   space 40960K, 0% used [0x00000000e7380000,0x00000000e7380000,0x00000000e9b80000)
 ParOldGen       total 485376K, used 476979K [0x0000000080000000, 0x000000009da00000, 0x00000000d5580000)
  object space 485376K, 98% used [0x0000000080000000,0x000000009d1ccc30,0x000000009da00000)
 Metaspace       used 36602K, capacity 38422K, committed 38912K, reserved 1083392K
  class space    used 3810K, capacity 4421K, committed 4608K, reserved 1048576K

